0 info it worked if it ends with ok
1 verbose cli [ '/usr/local/bin/node', '/usr/local/bin/npm', 'publish' ]
2 info using npm@3.8.9
3 info using node@v6.2.0
4 verbose publish [ '.' ]
5 silly cache add args [ '.', null ]
6 verbose cache add spec .
7 silly cache add parsed spec Result {
7 silly cache add   raw: '.',
7 silly cache add   scope: null,
7 silly cache add   name: null,
7 silly cache add   rawSpec: '.',
7 silly cache add   spec: '/Users/elvis/code/ocui',
7 silly cache add   type: 'directory' }
8 verbose addLocalDirectory /Users/elvis/.npm/Tinyp2p/1.0.0/package.tgz not in flight; packing
9 verbose correctMkdir /Users/elvis/.npm correctMkdir not in flight; initializing
10 info lifecycle Tinyp2p@1.0.0~prepublish: Tinyp2p@1.0.0
11 silly lifecycle Tinyp2p@1.0.0~prepublish: no script for prepublish, continuing
12 verbose tar pack [ '/Users/elvis/.npm/Tinyp2p/1.0.0/package.tgz',
12 verbose tar pack   '/Users/elvis/code/ocui' ]
13 verbose tarball /Users/elvis/.npm/Tinyp2p/1.0.0/package.tgz
14 verbose folder /Users/elvis/code/ocui
15 verbose addLocalTarball adding from inside cache /Users/elvis/.npm/Tinyp2p/1.0.0/package.tgz
16 verbose correctMkdir /Users/elvis/.npm correctMkdir not in flight; initializing
17 silly cache afterAdd Tinyp2p@1.0.0
18 verbose afterAdd /Users/elvis/.npm/Tinyp2p/1.0.0/package/package.json not in flight; writing
19 verbose correctMkdir /Users/elvis/.npm correctMkdir not in flight; initializing
20 verbose afterAdd /Users/elvis/.npm/Tinyp2p/1.0.0/package/package.json written
21 silly publish { name: 'Tinyp2p',
21 silly publish   version: '1.0.0',
21 silly publish   description: 'p2p loan news',
21 silly publish   keywords: [ 'p2p', 'loan', 'internet finance', 'news' ],
21 silly publish   author:
21 silly publish    { name: 'ivesxiao',
21 silly publish      email: 'ivesxiao@msn.com',
21 silly publish      url: 'http://www.tinyp2p.com/' },
21 silly publish   homepage: 'http://www.tinyp2p.com/',
21 silly publish   repository:
21 silly publish    { type: 'git',
21 silly publish      url: 'git+https://github.com/openshift/origin-server.git' },
21 silly publish   engines: { node: '>= 0.6.0', npm: '>= 1.0.0' },
21 silly publish   dependencies:
21 silly publish    { express: '*',
21 silly publish      'body-parser': '~1.8.1',
21 silly publish      multer: '0.1.8',
21 silly publish      'cookie-parser': '~1.3.3',
21 silly publish      morgan: '~1.3.0',
21 silly publish      'serve-favicon': '~2.1.3',
21 silly publish      debug: '~2.0.0',
21 silly publish      jade: '*' },
21 silly publish   devDependencies:
21 silly publish    { grunt: '0.x.x',
21 silly publish      'grunt-contrib-clean': '0.5.x',
21 silly publish      'grunt-contrib-concat': '~0.1.1',
21 silly publish      'grunt-contrib-cssmin': '0.6.x',
21 silly publish      'grunt-contrib-stylus': '0.8.x',
21 silly publish      'grunt-contrib-uglify': '0.2.x',
21 silly publish      'grunt-contrib-watch': '0.6.x',
21 silly publish      'grunt-contrib-jade': '*',
21 silly publish      'grunt-browserify': '*',
21 silly publish      'grunt-jsdoc': '*' },
21 silly publish   bundleDependencies: [],
21 silly publish   private: true,
21 silly publish   main: 'server.js',
21 silly publish   scripts: { start: 'node server.js' },
21 silly publish   readme: 'API：http://appports.com/ui\n\n\n\n',
21 silly publish   readmeFilename: 'README.md',
21 silly publish   gitHead: '4130717891664ac46bb281a9641333d975a59b81',
21 silly publish   bugs: { url: 'https://github.com/openshift/origin-server/issues' },
21 silly publish   _id: 'Tinyp2p@1.0.0',
21 silly publish   _shasum: '04f74086b3649bce88b44877316fead5ee7f211a',
21 silly publish   _from: '.' }
22 verbose getPublishConfig undefined
23 verbose stack Error: This package has been marked as private
23 verbose stack Remove the 'private' field from the package.json to publish it.
23 verbose stack     at publish_ (/usr/local/lib/node_modules/npm/lib/publish.js:100:15)
23 verbose stack     at Array.<anonymous> (/usr/local/lib/node_modules/npm/node_modules/slide/lib/bind-actor.js:15:8)
23 verbose stack     at LOOP (/usr/local/lib/node_modules/npm/node_modules/slide/lib/chain.js:15:14)
23 verbose stack     at LOOP (/usr/local/lib/node_modules/npm/node_modules/slide/lib/chain.js:14:28)
23 verbose stack     at chain (/usr/local/lib/node_modules/npm/node_modules/slide/lib/chain.js:20:5)
23 verbose stack     at /usr/local/lib/node_modules/npm/lib/publish.js:72:5
23 verbose stack     at RES (/usr/local/lib/node_modules/npm/node_modules/inflight/inflight.js:23:14)
23 verbose stack     at f (/usr/local/lib/node_modules/npm/node_modules/once/once.js:17:25)
23 verbose stack     at /usr/local/lib/node_modules/npm/lib/cache.js:362:16
23 verbose stack     at /usr/local/lib/node_modules/npm/node_modules/write-file-atomic/index.js:29:9
24 verbose cwd /Users/elvis/code/ocui
25 error Darwin 16.0.0
26 error argv "/usr/local/bin/node" "/usr/local/bin/npm" "publish"
27 error node v6.2.0
28 error npm  v3.8.9
29 error This package has been marked as private
29 error Remove the 'private' field from the package.json to publish it.
30 error If you need help, you may report this error at:
30 error     <https://github.com/npm/npm/issues>
31 verbose exit [ 1, true ]
